<?xml version="1.0" encoding="UTF-8"?>
<!-- Generated by org.testng.reporters.JUnitReportReporter -->
<testsuite hostname="inheritxsales" name="testcases.TestNgXml" tests="1" failures="0" timestamp="3 Dec 2015 04:54:41 GMT" time="17.235" errors="0">
  <testcase name="xmlParameter" time="17.235" classname="testcases.TestNgXml"/>
</testsuite> <!-- testcases.TestNgXml -->
