<?xml version="1.0" encoding="UTF-8"?>
<!-- Generated by org.testng.reporters.JUnitReportReporter -->
<testsuite hostname="inheritxsales" name="testcases.Registration" tests="3" failures="0" timestamp="3 Dec 2015 04:54:41 GMT" time="0.003" errors="0">
  <testcase name="testRegister" time="0.001" classname="testcases.Registration"/>
  <testcase name="testRegister" time="0.001" classname="testcases.Registration"/>
  <testcase name="testRegister" time="0.001" classname="testcases.Registration"/>
</testsuite> <!-- testcases.Registration -->
