<?xml version="1.0" encoding="UTF-8"?>
<!-- Generated by org.testng.reporters.JUnitReportReporter -->
<testsuite hostname="inheritxsales" name="TestNg_ex" tests="3" failures="0" timestamp="24 Nov 2015 06:54:00 GMT" time="0.020" errors="0">
  <testcase name="registerTestCase" time="0.000" classname="TestNg_ex"/>
  <testcase name="passChange" time="0.001" classname="TestNg_ex"/>
  <testcase name="test" time="0.019" classname="TestNg_ex"/>
</testsuite> <!-- TestNg_ex -->
