<?xml version="1.0" encoding="UTF-8"?>
<!-- Generated by org.testng.reporters.JUnitReportReporter -->
<testsuite hostname="inheritxsales" name="testcases.Registration" tests="3" failures="0" timestamp="10 Feb 2016 09:54:31 GMT" time="0.019" errors="0">
  <testcase name="testRegister" time="0.017" classname="testcases.Registration"/>
  <testcase name="testRegister" time="0.001" classname="testcases.Registration"/>
  <testcase name="testRegister" time="0.001" classname="testcases.Registration"/>
</testsuite> <!-- testcases.Registration -->
