<?xml version="1.0" encoding="UTF-8"?>
<!-- Generated by org.testng.reporters.JUnitReportReporter -->
<testsuite hostname="inheritxsales" name="com.parameter.example.ParameterWithTestNGXML" tests="1" failures="0" timestamp="1 Mar 2016 06:08:14 GMT" time="13.873" errors="0">
  <testcase name="testWithParameter" time="13.873" classname="com.parameter.example.ParameterWithTestNGXML"/>
</testsuite> <!-- com.parameter.example.ParameterWithTestNGXML -->
