<?xml version="1.0" encoding="UTF-8"?>
<!-- Generated by org.testng.reporters.JUnitReportReporter -->
<testsuite hostname="inheritxsales" name="parallelTest.CrossBrowserScript" tests="2" failures="0" timestamp="3 Dec 2015 06:02:57 GMT" time="5.806" errors="0">
  <testcase name="login" time="3.086" classname="parallelTest.CrossBrowserScript"/>
  <testcase name="login" time="2.720" classname="parallelTest.CrossBrowserScript"/>
</testsuite> <!-- parallelTest.CrossBrowserScript -->
