<?xml version="1.0" encoding="UTF-8"?>
<!-- Generated by org.testng.reporters.JUnitReportReporter -->
<testsuite hostname="inheritxsales" name="facebook.FacebookLogin" tests="2" failures="0" timestamp="9 Dec 2015 11:33:21 GMT" time="97.650" errors="0">
  <testcase name="openBrowser" time="46.651" classname="facebook.FacebookLogin"/>
  <testcase name="openBrowser" time="50.999" classname="facebook.FacebookLogin"/>
</testsuite> <!-- facebook.FacebookLogin -->
