<?xml version="1.0" encoding="UTF-8"?>
<!-- Generated by org.testng.reporters.JUnitReportReporter -->
<testsuite hostname="inheritxsales" name="testcases.TestNg_Pbasic" tests="2" failures="0" timestamp="4 Feb 2016 10:47:02 GMT" time="50.603" errors="0">
  <testcase name="quiteBrowser" time="0.010" classname="testcases.TestNg_Pbasic"/>
  <testcase name="noParameter" time="50.593" classname="testcases.TestNg_Pbasic"/>
</testsuite> <!-- testcases.TestNg_Pbasic -->
