<?xml version="1.0" encoding="UTF-8"?>
<!-- Generated by org.testng.reporters.JUnitReportReporter -->
<testsuite hostname="inheritxsales" name="testcases.DataProvider_Example" tests="2" failures="0" timestamp="3 Dec 2015 04:54:41 GMT" time="0.002" errors="0">
  <testcase name="yahooRegister" time="0.001" classname="testcases.DataProvider_Example"/>
  <testcase name="yahooRegister" time="0.001" classname="testcases.DataProvider_Example"/>
</testsuite> <!-- testcases.DataProvider_Example -->
