<?xml version="1.0" encoding="UTF-8"?>
<!-- Generated by org.testng.reporters.JUnitReportReporter -->
<testsuite hostname="inheritxsales" name="testNGReport.realTimeReport.Guru99TakeScreenshot" tests="1" failures="0" timestamp="6 Jan 2016 10:27:42 GMT" time="8.085" errors="0">
  <testcase name="takeScreenshot" time="8.085" classname="testNGReport.realTimeReport.Guru99TakeScreenshot"/>
</testsuite> <!-- testNGReport.realTimeReport.Guru99TakeScreenshot -->
