<?xml version="1.0" encoding="UTF-8"?>
<!-- Generated by org.testng.reporters.JUnitReportReporter -->
<testsuite hostname="inheritxsales" name="com.parameter.example.ParameterByITestContextInDataprovider" tests="4" failures="0" timestamp="3 Mar 2016 10:24:39 GMT" time="13.222" errors="0">
  <testcase name="testMethodB" time="3.189" classname="com.parameter.example.ParameterByITestContextInDataprovider"/>
  <testcase name="testMethodA" time="3.445" classname="com.parameter.example.ParameterByITestContextInDataprovider"/>
  <testcase name="testMethodB" time="3.425" classname="com.parameter.example.ParameterByITestContextInDataprovider"/>
  <testcase name="testMethodA" time="3.163" classname="com.parameter.example.ParameterByITestContextInDataprovider"/>
</testsuite> <!-- com.parameter.example.ParameterByITestContextInDataprovider -->
