<?xml version="1.0" encoding="UTF-8"?>
<!-- Generated by org.testng.reporters.JUnitReportReporter -->
<testsuite hostname="inheritxsales" name="testcases.TestNg_Pbasic" tests="2" failures="0" timestamp="2 Dec 2015 05:15:43 GMT" time="13.879" errors="0">
  <testcase name="quiteBrowser" time="0.012" classname="testcases.TestNg_Pbasic"/>
  <testcase name="noParameter" time="13.867" classname="testcases.TestNg_Pbasic"/>
</testsuite> <!-- testcases.TestNg_Pbasic -->
